<?xml version="1.0" encoding="UTF-8"?>
<!-- Generated by org.testng.reporters.JUnitReportReporter -->
<testsuite hostname="Gopi-PC" failures="0" tests="3" name="rahulshettyacademy.Tests.SubmitOrderTest" time="57.768" errors="0" timestamp="2024-03-08T13:44:36 IST" skipped="1">
  <testcase classname="rahulshettyacademy.Tests.SubmitOrderTest" name="submitOrder" time="15.730"/>
  <system-out/>
  <testcase classname="rahulshettyacademy.Tests.SubmitOrderTest" name="submitOrder" time="21.575"/>
  <system-out/>
  <testcase classname="rahulshettyacademy.Tests.SubmitOrderTest" name="submitOrder" time="20.463">
    <skipped/>
  </testcase> <!-- submitOrder -->
  <system-out/>
</testsuite> <!-- rahulshettyacademy.Tests.SubmitOrderTest -->
