<?xml version="1.0" encoding="UTF-8"?>
<!-- Generated by org.testng.reporters.JUnitReportReporter -->
<testsuite hostname="Gopi-PC" failures="0" tests="2" name="Cucumber.TestNgTestRunner" time="30.848" errors="0" timestamp="2024-03-12T13:50:53 IST" skipped="0">
  <testcase classname="Cucumber.TestNgTestRunner" name="runScenario" time="12.520"/>
  <system-out/>
  <testcase classname="Cucumber.TestNgTestRunner" name="runScenario" time="18.328"/>
  <system-out/>
</testsuite> <!-- Cucumber.TestNgTestRunner -->
