<?xml version="1.0" encoding="UTF-8"?>
<!-- Generated by org.testng.reporters.JUnitReportReporter -->
<testsuite hostname="Gopi-PC" failures="0" tests="1" name="rahulshettyacademy.Tests.StandAloneTest" time="15.834" errors="0" timestamp="2024-03-06T18:09:45 IST" skipped="0">
  <testcase classname="rahulshettyacademy.Tests.StandAloneTest" name="submitOrder" time="15.834"/>
  <system-out/>
</testsuite> <!-- rahulshettyacademy.Tests.StandAloneTest -->
