<?xml version="1.0" encoding="UTF-8"?>
<!-- Generated by org.testng.reporters.JUnitReportReporter -->
<testsuite hostname="Gopi-PC" failures="0" tests="2" name="Cucumber.TestNgTestRunner" time="35.609" errors="0" timestamp="2024-03-12T14:02:15 IST" skipped="0">
  <testcase classname="Cucumber.TestNgTestRunner" name="runScenario" time="18.994"/>
  <testcase classname="Cucumber.TestNgTestRunner" name="runScenario" time="16.615"/>
</testsuite> <!-- Cucumber.TestNgTestRunner -->
