<?xml version="1.0" encoding="UTF-8"?>
<!-- Generated by org.testng.reporters.JUnitReportReporter -->
<testsuite hostname="Gopi-PC" failures="0" tests="2" name="rahulshettyacademy.Tests.ErrorValidationsTest" time="34.918" errors="0" timestamp="2024-03-12T14:00:10 IST" skipped="0">
  <testcase classname="rahulshettyacademy.Tests.ErrorValidationsTest" name="wrongProductValidation" time="18.898"/>
  <testcase classname="rahulshettyacademy.Tests.ErrorValidationsTest" name="errorLogin" time="16.020"/>
</testsuite> <!-- rahulshettyacademy.Tests.ErrorValidationsTest -->
