<?xml version="1.0" encoding="UTF-8"?>
<!-- Generated by org.testng.reporters.JUnitReportReporter -->
<testsuite hostname="Gopi-PC" failures="0" tests="2" name="rahulshettyacademy.Tests.SubmitOrderTest" time="41.749" errors="0" timestamp="2024-03-12T14:00:10 IST" skipped="0">
  <testcase classname="rahulshettyacademy.Tests.SubmitOrderTest" name="submitOrder" time="21.015"/>
  <testcase classname="rahulshettyacademy.Tests.SubmitOrderTest" name="submitOrder" time="20.734"/>
</testsuite> <!-- rahulshettyacademy.Tests.SubmitOrderTest -->
